<?xml version="1.0" encoding="UTF-8"?>
<!-- Generated by org.testng.reporters.JUnitReportReporter -->
<testsuite hostname="7568mdsalman" failures="0" tests="2" name="Project2.CreateContactTest" time="0.003" errors="0" timestamp="2024-10-08T12:18:33 IST" skipped="0">
  <testcase classname="Project2.CreateContactTest" name="createContact" time="0.002"/>
  <system-out/>
  <testcase classname="Project2.CreateContactTest" name="modifyContact" time="0.001"/>
  <system-out/>
</testsuite> <!-- Project2.CreateContactTest -->
