<?xml version="1.0" encoding="UTF-8"?>
<!-- Generated by org.testng.reporters.JUnitReportReporter -->
<testsuite hostname="7568mdsalman" failures="0" tests="2" name="Project1.CreateOrgTest" time="0.009" errors="0" timestamp="2024-10-08T12:18:46 IST" skipped="0">
  <testcase classname="Project1.CreateOrgTest" name="createOrg" time="0.008"/>
  <system-out/>
  <testcase classname="Project1.CreateOrgTest" name="modifyOrg" time="0.001"/>
  <system-out/>
</testsuite> <!-- Project1.CreateOrgTest -->
